<?xml version="1.0" encoding="UTF-8"?>
<testng-results ignored="0" total="5" passed="5" failed="0" skipped="0">
  <reporter-output>
  </reporter-output>
  <suite started-at="2020-04-07T17:36:02 CDT" name="mercuryTours" finished-at="2020-04-07T17:37:23 CDT" duration-ms="80503">
    <groups>
    </groups>
    <test started-at="2020-04-07T17:36:02 CDT" name="Mercury App Test" finished-at="2020-04-07T17:37:23 CDT" duration-ms="80503">
      <class name="testCases.TC_Login_001">
        <test-method is-config="true" signature="setup(java.lang.String)[pri:0, instance:testCases.TC_Login_001@56a6d5a6]" started-at="2020-04-07T17:36:03 CDT" name="setup" finished-at="2020-04-07T17:36:21 CDT" duration-ms="18023" status="PASS">
          <params>
            <param index="0">
              <value>
                <![CDATA[chrome]]>
              </value>
            </param>
          </params>
          <reporter-output>
          </reporter-output>
        </test-method> <!-- setup -->
        <test-method signature="loginTest()[pri:0, instance:testCases.TC_Login_001@56a6d5a6]" started-at="2020-04-07T17:36:21 CDT" name="loginTest" finished-at="2020-04-07T17:36:28 CDT" duration-ms="7442" status="PASS">
          <reporter-output>
          </reporter-output>
        </test-method> <!-- loginTest -->
        <test-method is-config="true" signature="tearDown()[pri:0, instance:testCases.TC_Login_001@56a6d5a6]" started-at="2020-04-07T17:36:28 CDT" name="tearDown" finished-at="2020-04-07T17:36:30 CDT" duration-ms="1245" status="PASS">
          <reporter-output>
          </reporter-output>
        </test-method> <!-- tearDown -->
      </class> <!-- testCases.TC_Login_001 -->
      <class name="testCases.TC_FlightTicket_003">
        <test-method is-config="true" signature="setup(java.lang.String)[pri:0, instance:testCases.TC_FlightTicket_003@4445629]" started-at="2020-04-07T17:36:55 CDT" name="setup" finished-at="2020-04-07T17:37:07 CDT" duration-ms="12163" status="PASS">
          <params>
            <param index="0">
              <value>
                <![CDATA[chrome]]>
              </value>
            </param>
          </params>
          <reporter-output>
          </reporter-output>
        </test-method> <!-- setup -->
        <test-method signature="reservation()[pri:0, instance:testCases.TC_FlightTicket_003@4445629]" started-at="2020-04-07T17:37:07 CDT" name="reservation" finished-at="2020-04-07T17:37:22 CDT" duration-ms="14858" status="PASS">
          <reporter-output>
          </reporter-output>
        </test-method> <!-- reservation -->
        <test-method is-config="true" signature="tearDown()[pri:0, instance:testCases.TC_FlightTicket_003@4445629]" started-at="2020-04-07T17:37:22 CDT" name="tearDown" finished-at="2020-04-07T17:37:23 CDT" duration-ms="782" status="PASS">
          <reporter-output>
          </reporter-output>
        </test-method> <!-- tearDown -->
      </class> <!-- testCases.TC_FlightTicket_003 -->
      <class name="testCases.TC_RegisterDDT_002">
        <test-method is-config="true" signature="setup(java.lang.String)[pri:0, instance:testCases.TC_RegisterDDT_002@18ce0030]" started-at="2020-04-07T17:36:30 CDT" name="setup" finished-at="2020-04-07T17:36:43 CDT" duration-ms="13532" status="PASS">
          <params>
            <param index="0">
              <value>
                <![CDATA[chrome]]>
              </value>
            </param>
          </params>
          <reporter-output>
          </reporter-output>
        </test-method> <!-- setup -->
        <test-method signature="registrationTest(java.lang.String, java.lang.String, java.lang.String, java.lang.String, java.lang.String, java.lang.String, java.lang.String, java.lang.String, java.lang.String, java.lang.String, java.lang.String, java.lang.String, java.lang.String)[pri:0, instance:testCases.TC_RegisterDDT_002@18ce0030]" started-at="2020-04-07T17:36:48 CDT" name="registrationTest" data-provider="LoginData" finished-at="2020-04-07T17:36:50 CDT" duration-ms="2454" status="PASS">
          <params>
            <param index="0">
              <value>
                <![CDATA[Ram]]>
              </value>
            </param>
            <param index="1">
              <value>
                <![CDATA[A]]>
              </value>
            </param>
            <param index="2">
              <value>
                <![CDATA[7778889991]]>
              </value>
            </param>
            <param index="3">
              <value>
                <![CDATA[ramatest1@gmail.com]]>
              </value>
            </param>
            <param index="4">
              <value>
                <![CDATA[121 edmond st.]]>
              </value>
            </param>
            <param index="5">
              <value>
                <![CDATA[apt 1]]>
              </value>
            </param>
            <param index="6">
              <value>
                <![CDATA[Edmond]]>
              </value>
            </param>
            <param index="7">
              <value>
                <![CDATA[OK]]>
              </value>
            </param>
            <param index="8">
              <value>
                <![CDATA[73034]]>
              </value>
            </param>
            <param index="9">
              <value>
                <![CDATA[UNITED STATES ]]>
              </value>
            </param>
            <param index="10">
              <value>
                <![CDATA[ramatest1@gmail.com]]>
              </value>
            </param>
            <param index="11">
              <value>
                <![CDATA[ramatest1]]>
              </value>
            </param>
            <param index="12">
              <value>
                <![CDATA[ramatest1]]>
              </value>
            </param>
          </params>
          <reporter-output>
          </reporter-output>
        </test-method> <!-- registrationTest -->
        <test-method signature="registrationTest(java.lang.String, java.lang.String, java.lang.String, java.lang.String, java.lang.String, java.lang.String, java.lang.String, java.lang.String, java.lang.String, java.lang.String, java.lang.String, java.lang.String, java.lang.String)[pri:0, instance:testCases.TC_RegisterDDT_002@18ce0030]" started-at="2020-04-07T17:36:50 CDT" name="registrationTest" data-provider="LoginData" finished-at="2020-04-07T17:36:52 CDT" duration-ms="2076" status="PASS">
          <params>
            <param index="0">
              <value>
                <![CDATA[Sam]]>
              </value>
            </param>
            <param index="1">
              <value>
                <![CDATA[D]]>
              </value>
            </param>
            <param index="2">
              <value>
                <![CDATA[7778889992]]>
              </value>
            </param>
            <param index="3">
              <value>
                <![CDATA[samdtest2@gmail.com]]>
              </value>
            </param>
            <param index="4">
              <value>
                <![CDATA[35 euless st.]]>
              </value>
            </param>
            <param index="5">
              <value>
                <![CDATA[apt 2]]>
              </value>
            </param>
            <param index="6">
              <value>
                <![CDATA[Irving]]>
              </value>
            </param>
            <param index="7">
              <value>
                <![CDATA[TX]]>
              </value>
            </param>
            <param index="8">
              <value>
                <![CDATA[76155]]>
              </value>
            </param>
            <param index="9">
              <value>
                <![CDATA[UNITED STATES ]]>
              </value>
            </param>
            <param index="10">
              <value>
                <![CDATA[samdtest2@gmail.com]]>
              </value>
            </param>
            <param index="11">
              <value>
                <![CDATA[samdtest2]]>
              </value>
            </param>
            <param index="12">
              <value>
                <![CDATA[samdtest2]]>
              </value>
            </param>
          </params>
          <reporter-output>
          </reporter-output>
        </test-method> <!-- registrationTest -->
        <test-method signature="registrationTest(java.lang.String, java.lang.String, java.lang.String, java.lang.String, java.lang.String, java.lang.String, java.lang.String, java.lang.String, java.lang.String, java.lang.String, java.lang.String, java.lang.String, java.lang.String)[pri:0, instance:testCases.TC_RegisterDDT_002@18ce0030]" started-at="2020-04-07T17:36:52 CDT" name="registrationTest" data-provider="LoginData" finished-at="2020-04-07T17:36:54 CDT" duration-ms="1969" status="PASS">
          <params>
            <param index="0">
              <value>
                <![CDATA[Ham]]>
              </value>
            </param>
            <param index="1">
              <value>
                <![CDATA[K]]>
              </value>
            </param>
            <param index="2">
              <value>
                <![CDATA[7778889993]]>
              </value>
            </param>
            <param index="3">
              <value>
                <![CDATA[hamktest3@gmail.com]]>
              </value>
            </param>
            <param index="4">
              <value>
                <![CDATA[183 jerusalem ave.]]>
              </value>
            </param>
            <param index="5">
              <value>
                <![CDATA[apt 3]]>
              </value>
            </param>
            <param index="6">
              <value>
                <![CDATA[Hicksville]]>
              </value>
            </param>
            <param index="7">
              <value>
                <![CDATA[NY]]>
              </value>
            </param>
            <param index="8">
              <value>
                <![CDATA[11801]]>
              </value>
            </param>
            <param index="9">
              <value>
                <![CDATA[UNITED STATES ]]>
              </value>
            </param>
            <param index="10">
              <value>
                <![CDATA[hamktest3@gmail.com]]>
              </value>
            </param>
            <param index="11">
              <value>
                <![CDATA[hamktest3]]>
              </value>
            </param>
            <param index="12">
              <value>
                <![CDATA[hamktest3]]>
              </value>
            </param>
          </params>
          <reporter-output>
          </reporter-output>
        </test-method> <!-- registrationTest -->
        <test-method is-config="true" signature="tearDown()[pri:0, instance:testCases.TC_RegisterDDT_002@18ce0030]" started-at="2020-04-07T17:36:54 CDT" name="tearDown" finished-at="2020-04-07T17:36:55 CDT" duration-ms="772" status="PASS">
          <reporter-output>
          </reporter-output>
        </test-method> <!-- tearDown -->
      </class> <!-- testCases.TC_RegisterDDT_002 -->
    </test> <!-- Mercury App Test -->
  </suite> <!-- mercuryTours -->
</testng-results>
