<?xml version="1.0" encoding="UTF-8"?>
<!-- Generated by org.testng.reporters.JUnitXMLReporter -->
<testsuite ignored="0" hostname="LAPTOP-8DAJL6E8" failures="0" tests="5" name="Mercury App Test" time="80.503" errors="0" timestamp="2020-04-07T17:37:23 CDT">
  <testcase classname="testCases.TC_Login_001" name="loginTest" time="7.442"/>
  <testcase classname="testCases.TC_RegisterDDT_002" name="registrationTest" time="2.454"/>
  <testcase classname="testCases.TC_RegisterDDT_002" name="registrationTest" time="2.076"/>
  <testcase classname="testCases.TC_RegisterDDT_002" name="registrationTest" time="1.969"/>
  <testcase classname="testCases.TC_FlightTicket_003" name="reservation" time="14.858"/>
</testsuite> <!-- Mercury App Test -->
